android/build/outputs/logs/manifest-merger-debug-report.txt
-- Merging decision tree log ---
manifest
ADDED from project/android/AndroidManifest.xml:2:1-28:12
INJECTED from project/android/AndroidManifest.xml:2:1-28:12
INJECTED from project/android/AndroidManifest.xml:2:1-28:12
INJECTED from project/android/AndroidManifest.xml:2:1-28:12
INJECTED from project/android/AndroidManifest.xml:2:1-28:12
INJECTED from project/android/AndroidManifest.xml:2:1-28:12
INJECTED from project/android/AndroidManifest.xml:2:1-28:12
	package
		ADDED from project/android/AndroidManifest.xml:3:5-27
		INJECTED from project/android/AndroidManifest.xml
		INJECTED from project/android/AndroidManifest.xml
	android:versionName
		INJECTED from project/android/AndroidManifest.xml
		ADDED from project/android/AndroidManifest.xml:2:1-28:12
		INJECTED from project/android/AndroidManifest.xml
	android:versionCode
		INJECTED from project/android/AndroidManifest.xml
		ADDED from project/android/AndroidManifest.xml:2:1-28:12
		INJECTED from project/android/AndroidManifest.xml
	xmlns:android
		ADDED from project/android/AndroidManifest.xml:2:11-69
uses-permission#android.permission.WRITE_EXTERNAL_STORAGE
ADDED from project/android/AndroidManifest.xml:5:5-80
	android:name
		ADDED from project/android/AndroidManifest.xml:5:22-78
uses-permission#android.permission.READ_EXTERNAL_STORAGE
ADDED from project/android/AndroidManifest.xml:6:5-79
	android:name
		ADDED from project/android/AndroidManifest.xml:6:22-77
uses-permission#android.permission.INTERNET
ADDED from project/android/AndroidManifest.xml:7:5-66
	android:name
		ADDED from project/android/AndroidManifest.xml:7:22-64
application
ADDED from project/android/AndroidManifest.xml:9:5-26:19
	android:label
		ADDED from project/android/AndroidManifest.xml:14:9-41
	android:appCategory
		ADDED from project/android/AndroidManifest.xml:13:9-35
	android:icon
		ADDED from project/android/AndroidManifest.xml:11:9-45
	android:allowBackup
		ADDED from project/android/AndroidManifest.xml:10:9-35
	android:theme
		ADDED from project/android/AndroidManifest.xml:15:9-40
	android:isGame
		ADDED from project/android/AndroidManifest.xml:12:9-30
activity#com.pcw.game.AndroidLauncher
ADDED from project/android/AndroidManifest.xml:16:9-25:20
	android:screenOrientation
		ADDED from project/android/AndroidManifest.xml:19:13-50
	android:label
		ADDED from project/android/AndroidManifest.xml:18:13-45
	android:configChanges
		ADDED from project/android/AndroidManifest.xml:20:13-107
	android:name
		ADDED from project/android/AndroidManifest.xml:17:13-56
intent-filter#action:name:android.intent.action.MAIN+category:name:android.intent.category.LAUNCHER
ADDED from project/android/AndroidManifest.xml:21:13-24:29
action#android.intent.action.MAIN
ADDED from project/android/AndroidManifest.xml:22:17-69
	android:name
		ADDED from project/android/AndroidManifest.xml:22:25-66
category#android.intent.category.LAUNCHER
ADDED from project/android/AndroidManifest.xml:23:17-77
	android:name
		ADDED from project/android/AndroidManifest.xml:23:27-74
uses-sdk
INJECTED from project/android/AndroidManifest.xml reason: use-sdk injection requested
INJECTED from project/android/AndroidManifest.xml
INJECTED from project/android/AndroidManifest.xml
INJECTED from project/android/AndroidManifest.xml
INJECTED from project/android/AndroidManifest.xml
	android:targetSdkVersion
		INJECTED from project/android/AndroidManifest.xml
		ADDED from project/android/AndroidManifest.xml
		INJECTED from project/android/AndroidManifest.xml
	android:minSdkVersion
		INJECTED from project/android/AndroidManifest.xml
		ADDED from project/android/AndroidManifest.xml
		INJECTED from project/android/AndroidManifest.xml